TN:
SF:/work/08844/leebrian/ls6/CSE380/hardcode/final-project-team6/solver/src/verification.cpp
FN:3,_Z11Temperatureiiii
FNDA:0,_Z11Temperatureiiii
FN:13,_Z1Qiiiid
FNDA:0,_Z1Qiiiid
FN:23,_Z10l2_norm_1DRKSt6vectorIdSaIdEEii
FNDA:0,_Z10l2_norm_1DRKSt6vectorIdSaIdEEii
DA:3,0
DA:4,0
DA:6,0
DA:9,0
DA:13,0
DA:14,0
DA:16,0
DA:19,0
DA:23,0
DA:24,0
DA:25,0
DA:26,0
DA:27,0
DA:28,0
DA:30,0
end_of_record
SF:/opt/ohpc/pub/compiler/gcc/9.4.0/include/c++/9.4.0/iostream
end_of_record
SF:/opt/ohpc/pub/compiler/gcc/9.4.0/include/c++/9.4.0/bits/stl_vector.h
DA:915,0
DA:916,0
DA:1058,0
DA:1061,0
end_of_record
TN:
SF:/opt/ohpc/pub/compiler/gcc/9.4.0/include/c++/9.4.0/bits/stl_uninitialized.h
FN:305,_ZSt22__uninitialized_copy_aIN9__gnu_cxx17__normal_iteratorIPKdSt6vectorIdSaIdEEEEPddET0_T_SA_S9_RSaIT1_E
FNDA:51,_ZSt22__uninitialized_copy_aIN9__gnu_cxx17__normal_iteratorIPKdSt6vectorIdSaIdEEEEPddET0_T_SA_S9_RSaIT1_E
DA:99,204
DA:101,204
DA:115,204
DA:134,204
DA:140,204
DA:305,204
DA:307,0
DA:566,78986
DA:597,78884
DA:601,102
DA:661,102
DA:663,102
end_of_record
SF:/opt/ohpc/pub/compiler/gcc/9.4.0/include/c++/9.4.0/bits/vector.tcc
FN:198,_ZNSt6vectorIdSaIdEEaSERKS1_
FNDA:102,_ZNSt6vectorIdSaIdEEaSERKS1_
DA:198,102
DA:201,102
DA:223,102
DA:224,102
DA:226,51
DA:228,51
DA:229,51
DA:230,102
DA:231,51
DA:232,51
DA:233,51
DA:234,51
DA:236,51
DA:238,51
DA:239,51
DA:243,0
DA:245,102
DA:246,0
DA:248,0
DA:250,102
DA:252,102
end_of_record
SF:/opt/ohpc/pub/compiler/gcc/9.4.0/include/c++/9.4.0/bits/stl_vector.h
FN:340,_ZNSt12_Vector_baseIdSaIdEE11_M_allocateEm
FNDA:306,_ZNSt12_Vector_baseIdSaIdEE11_M_allocateEm
FN:507,_ZNSt6vectorIdSaIdEEC2EmRKS0_
FNDA:102,_ZNSt6vectorIdSaIdEEC2EmRKS0_
FN:550,_ZNSt6vectorIdSaIdEEC2ERKS1_
FNDA:153,_ZNSt6vectorIdSaIdEEC2ERKS1_
DA:94,357
DA:95,357
DA:125,204
DA:128,102
DA:130,102
DA:133,255
DA:134,255
DA:273,51
DA:274,0
DA:277,153
DA:278,153
DA:285,102
DA:300,255
DA:301,255
DA:302,255
DA:330,204
DA:332,357
DA:333,204
DA:334,204
DA:340,306
DA:343,306
DA:347,255
DA:350,102
DA:351,357
DA:356,255
DA:358,102
DA:359,153
DA:360,255
DA:484,102
DA:507,102
DA:508,102
DA:509,102
DA:550,153
DA:552,153
DA:554,153
DA:555,306
DA:557,153
DA:558,153
DA:675,204
DA:677,204
DA:678,204
DA:680,306
DA:808,102
DA:809,102
DA:817,255
DA:818,153
DA:826,51
DA:827,51
DA:835,255
DA:836,255
DA:915,0
DA:916,255
DA:995,102
DA:996,102
DA:997,102
DA:1040,36461
DA:1043,36461
DA:1505,51
DA:1508,51
DA:1511,51
DA:1512,51
DA:1600,102
DA:1602,102
DA:1603,204
DA:1604,102
DA:1764,102
DA:1766,102
DA:1767,0
DA:1773,102
DA:1778,102
DA:1780,102
DA:1781,102
end_of_record
SF:/opt/ohpc/pub/compiler/gcc/9.4.0/include/c++/9.4.0/iostream
end_of_record
SF:/opt/ohpc/pub/compiler/gcc/9.4.0/include/c++/9.4.0/bits/ptr_traits.h
DA:146,255
DA:147,255
end_of_record
SF:/opt/ohpc/pub/compiler/gcc/9.4.0/include/c++/9.4.0/bits/cpp_type_traits.h
DA:428,51
DA:429,255
end_of_record
SF:/opt/ohpc/pub/compiler/gcc/9.4.0/include/c++/9.4.0/ext/new_allocator.h
DA:80,459
DA:83,255
DA:89,765
DA:102,306
DA:104,306
DA:105,0
DA:114,306
DA:119,255
DA:128,255
DA:132,408
end_of_record
SF:/opt/ohpc/pub/compiler/gcc/9.4.0/include/c++/9.4.0/bits/stl_construct.h
DA:117,306
DA:127,306
DA:137,255
DA:203,51
DA:206,255
end_of_record
SF:/work/08844/leebrian/ls6/CSE380/hardcode/final-project-team6/solver/src/solver.cpp
FN:10,_ZN6solverC2EiiiiSt6vectorIdSaIdEE
FNDA:51,_ZN6solverC2EiiiiSt6vectorIdSaIdEE
FN:27,_ZN6solver3_1DEv
FNDA:25,_ZN6solver3_1DEv
FN:90,_ZN6solver3_2DEv
FNDA:26,_ZN6solver3_2DEv
FN:155,_ZN6solver20_setup_solve_destroyEP6_p_MatP6_p_Vec
FNDA:51,_ZN6solver20_setup_solve_destroyEP6_p_MatP6_p_Vec
FN:228,_ZN6solver5solveEdi
FNDA:51,_ZN6solver5solveEdi
DA:10,51
DA:11,51
DA:13,51
DA:18,51
DA:19,25
DA:21,51
DA:22,51
DA:25,51
DA:26,51
DA:27,25
DA:28,25
DA:29,25
DA:30,25
DA:32,25
DA:34,15
DA:35,15
DA:36,10
DA:37,10
DA:38,10
DA:41,25
DA:42,25
DA:43,25
DA:46,25
DA:47,25
DA:48,25
DA:51,25
DA:52,25
DA:54,25
DA:55,25
DA:58,25
DA:59,25
DA:60,620
DA:61,595
DA:62,595
DA:63,357
DA:64,357
DA:65,357
DA:66,238
DA:67,218
DA:68,218
DA:69,218
DA:71,20
DA:72,10
DA:73,10
DA:74,10
DA:76,10
DA:77,10
DA:78,10
DA:79,10
DA:82,595
DA:85,25
DA:86,50
DA:88,25
DA:90,26
DA:91,26
DA:92,26
DA:94,26
DA:96,11
DA:97,11
DA:100,26
DA:101,26
DA:102,26
DA:105,26
DA:106,26
DA:107,26
DA:108,26
DA:109,26
DA:110,26
DA:113,772
DA:114,746
DA:116,746
DA:117,746
DA:119,746
DA:120,746
DA:122,746
DA:123,694
DA:124,694
DA:125,694
DA:126,694
DA:127,694
DA:130,26
DA:131,26
DA:132,37280
DA:133,37254
DA:134,35866
DA:135,35866
DA:137,16943
DA:138,16943
DA:139,16943
DA:140,18923
DA:141,18923
DA:142,18923
DA:143,18923
DA:144,18923
DA:147,35866
DA:151,26
DA:152,52
DA:154,26
DA:155,51
DA:156,51
DA:158,51
DA:161,51
DA:162,51
DA:163,51
DA:164,51
DA:165,51
DA:166,51
DA:170,51
DA:171,51
DA:172,51
DA:173,51
DA:174,51
DA:176,51
DA:177,51
DA:178,51
DA:179,51
DA:183,51
DA:184,51
DA:185,51
DA:190,51
DA:191,5
DA:192,5
DA:193,5
DA:194,46
DA:195,11
DA:196,11
DA:197,11
DA:198,11
DA:201,51
DA:203,51
DA:204,51
DA:206,51
DA:207,51
DA:208,51
DA:209,51
DA:212,51
DA:213,51
DA:214,51
DA:215,51
DA:217,51
DA:218,51
DA:219,51
DA:220,51
DA:222,102
DA:223,51
DA:224,102
DA:226,51
DA:228,51
DA:229,51
DA:230,51
DA:231,51
DA:232,25
DA:234,26
DA:235,26
DA:237,51
DA:238,51
DA:239,51
end_of_record
SF:/opt/ohpc/pub/compiler/gcc/9.4.0/include/c++/9.4.0/bits/stl_iterator_base_funcs.h
DA:98,738
DA:104,738
DA:138,738
DA:141,738
end_of_record
SF:/opt/ohpc/pub/compiler/gcc/9.4.0/include/c++/9.4.0/bits/allocator.h
DA:137,459
DA:140,255
DA:141,255
DA:152,765
end_of_record
SF:/opt/ohpc/pub/compiler/gcc/9.4.0/include/c++/9.4.0/bits/stl_iterator.h
FN:1007,_ZSt12__niter_baseIPKdSt6vectorIdSaIdEEET_N9__gnu_cxx17__normal_iteratorIS5_T0_EE
FNDA:0,_ZSt12__niter_baseIPKdSt6vectorIdSaIdEEET_N9__gnu_cxx17__normal_iteratorIS5_T0_EE
FN:1007,_ZSt12__niter_baseIPdSt6vectorIdSaIdEEET_N9__gnu_cxx17__normal_iteratorIS4_T0_EE
FNDA:204,_ZSt12__niter_baseIPdSt6vectorIdSaIdEEET_N9__gnu_cxx17__normal_iteratorIS4_T0_EE
DA:803,51
DA:804,306
DA:856,102
DA:857,102
DA:868,204
DA:1007,0
DA:1009,0
DA:1007,204
DA:1009,204
end_of_record
SF:/opt/ohpc/pub/compiler/gcc/9.4.0/include/c++/9.4.0/bits/alloc_traits.h
DA:442,306
DA:443,306
DA:468,255
DA:469,255
DA:504,102
DA:505,102
DA:513,153
DA:514,153
end_of_record
SF:/opt/ohpc/pub/compiler/gcc/9.4.0/include/c++/9.4.0/bits/basic_string.tcc
FN:206,_ZNSt7__cxx1112basic_stringIcSt11char_traitsIcESaIcEE12_M_constructIPKcEEvT_S8_St20forward_iterator_tag
FNDA:738,_ZNSt7__cxx1112basic_stringIcSt11char_traitsIcESaIcEE12_M_constructIPKcEEvT_S8_St20forward_iterator_tag
DA:206,738
DA:211,738
DA:212,0
DA:215,738
DA:217,738
DA:219,259
DA:220,738
DA:225,738
DA:232,738
DA:233,738
end_of_record
SF:/opt/ohpc/pub/compiler/gcc/9.4.0/include/c++/9.4.0/bits/move.h
DA:47,255
DA:138,255
DA:139,255
end_of_record
SF:/opt/ohpc/pub/compiler/gcc/9.4.0/include/c++/9.4.0/bits/stl_algobase.h
FN:438,_ZSt14__copy_move_a2ILb0EN9__gnu_cxx17__normal_iteratorIPKdSt6vectorIdSaIdEEEEPdET1_T0_SA_S9_
FNDA:204,_ZSt14__copy_move_a2ILb0EN9__gnu_cxx17__normal_iteratorIPKdSt6vectorIdSaIdEEEEPdET1_T0_SA_S9_
FN:438,_ZSt14__copy_move_a2ILb0EN9__gnu_cxx17__normal_iteratorIPKdSt6vectorIdSaIdEEEENS1_IPdS6_EEET1_T0_SB_SA_
FNDA:51,_ZSt14__copy_move_a2ILb0EN9__gnu_cxx17__normal_iteratorIPKdSt6vectorIdSaIdEEEENS1_IPdS6_EEET1_T0_SB_SA_
FN:438,_ZSt14__copy_move_a2ILb0EPdN9__gnu_cxx17__normal_iteratorIS0_St6vectorIdSaIdEEEEET1_T0_S8_S7_
FNDA:51,_ZSt14__copy_move_a2ILb0EPdN9__gnu_cxx17__normal_iteratorIS0_St6vectorIdSaIdEEEEET1_T0_S8_S7_
FN:465,_ZSt4copyIN9__gnu_cxx17__normal_iteratorIPKdSt6vectorIdSaIdEEEEPdET0_T_SA_S9_
FNDA:204,_ZSt4copyIN9__gnu_cxx17__normal_iteratorIPKdSt6vectorIdSaIdEEEEPdET0_T_SA_S9_
FN:465,_ZSt4copyIN9__gnu_cxx17__normal_iteratorIPKdSt6vectorIdSaIdEEEENS1_IPdS6_EEET0_T_SB_SA_
FNDA:51,_ZSt4copyIN9__gnu_cxx17__normal_iteratorIPKdSt6vectorIdSaIdEEEENS1_IPdS6_EEET0_T_SB_SA_
DA:198,102
DA:280,255
DA:289,102
DA:290,102
DA:295,306
DA:375,306
DA:384,306
DA:385,306
DA:386,306
DA:387,306
DA:393,306
DA:398,306
DA:404,306
DA:438,204
DA:440,204
DA:443,204
DA:438,51
DA:440,51
DA:443,51
DA:438,51
DA:440,51
DA:443,51
DA:438,0
DA:440,0
DA:465,204
DA:474,204
DA:465,51
DA:474,51
DA:465,51
DA:474,51
DA:769,78884
DA:770,78782
DA:771,78884
DA:772,78782
DA:808,78884
end_of_record
SF:/opt/ohpc/pub/libs/gnu9/mvapich2/petsc/3.16.1/include/petscvec.h
DA:370,2236
end_of_record
SF:/opt/ohpc/pub/compiler/gcc/9.4.0/include/c++/9.4.0/ext/alloc_traits.h
DA:97,153
DA:98,153
end_of_record
SF:/opt/ohpc/pub/libs/gnu9/mvapich2/petsc/3.16.1/include/petscmat.h
DA:763,2236
end_of_record
SF:/opt/ohpc/pub/compiler/gcc/9.4.0/include/c++/9.4.0/bits/char_traits.h
DA:299,757
DA:300,19
DA:368,719
DA:370,719
DA:372,714
end_of_record
SF:/opt/ohpc/pub/compiler/gcc/9.4.0/include/c++/9.4.0/bits/basic_string.h
DA:154,255
DA:182,259
DA:183,259
DA:186,738
DA:187,738
DA:190,1833
DA:191,738
DA:204,255
DA:207,255
DA:214,259
DA:215,259
DA:218,738
DA:220,738
DA:221,738
DA:225,255
DA:226,255
DA:233,255
DA:235,255
DA:236,357
DA:240,102
DA:241,102
DA:290,102
DA:291,102
DA:350,738
DA:352,738
DA:353,738
DA:355,738
DA:400,738
DA:402,738
DA:661,255
DA:662,255
end_of_record
SF:/opt/ohpc/pub/compiler/gcc/9.4.0/include/c++/9.4.0/ext/type_traits.h
DA:152,738
end_of_record
TN:
SF:/opt/ohpc/pub/compiler/gcc/9.4.0/include/c++/9.4.0/bits/alloc_traits.h
DA:442,961
DA:443,961
DA:468,153
DA:469,153
DA:513,961
DA:514,961
end_of_record
SF:/opt/ohpc/pub/compiler/gcc/9.4.0/include/c++/9.4.0/bits/stl_construct.h
DA:117,153
DA:127,153
DA:137,153
DA:203,153
DA:206,153
end_of_record
SF:/opt/ohpc/pub/compiler/gcc/9.4.0/include/c++/9.4.0/ostream
DA:108,50
DA:113,50
DA:565,150
DA:568,150
DA:570,200
DA:571,150
end_of_record
SF:/opt/ohpc/pub/compiler/gcc/9.4.0/include/c++/9.4.0/bits/stl_iterator.h
FN:1007,_ZSt12__niter_baseIPKdSt6vectorIdSaIdEEET_N9__gnu_cxx17__normal_iteratorIS5_T0_EE
FNDA:2432,_ZSt12__niter_baseIPKdSt6vectorIdSaIdEEET_N9__gnu_cxx17__normal_iteratorIS5_T0_EE
DA:803,961
DA:804,961
DA:868,2432
DA:1007,2432
DA:1009,2432
end_of_record
SF:/opt/ohpc/pub/compiler/gcc/9.4.0/include/c++/9.4.0/bits/stl_iterator_base_funcs.h
DA:98,0
DA:104,0
DA:138,0
DA:141,0
end_of_record
SF:/opt/ohpc/pub/compiler/gcc/9.4.0/include/c++/9.4.0/bits/allocator.h
DA:137,1
DA:140,961
DA:141,961
DA:152,1115
end_of_record
SF:/opt/ohpc/pub/compiler/gcc/9.4.0/include/c++/9.4.0/bits/cpp_type_traits.h
DA:428,961
DA:429,961
end_of_record
SF:/opt/ohpc/pub/compiler/gcc/9.4.0/include/c++/9.4.0/bits/ptr_traits.h
DA:146,1
DA:147,1
end_of_record
SF:/work/08844/leebrian/ls6/CSE380/hardcode/final-project-team6/solver/src/unit_test.h
end_of_record
SF:/opt/ohpc/pub/compiler/gcc/9.4.0/include/c++/9.4.0/bits/locale_facets.h
FN:872,_ZNKSt5ctypeIcE5widenEc
FNDA:50,_ZNKSt5ctypeIcE5widenEc
DA:872,50
DA:874,50
DA:875,50
DA:876,0
DA:877,0
end_of_record
SF:/opt/ohpc/pub/compiler/gcc/9.4.0/include/c++/9.4.0/ext/type_traits.h
DA:152,0
end_of_record
SF:/opt/ohpc/pub/compiler/gcc/9.4.0/include/c++/9.4.0/bits/char_traits.h
DA:299,0
DA:300,0
DA:336,200
DA:342,150
DA:368,0
DA:370,0
DA:372,0
end_of_record
SF:/work/08844/leebrian/ls6/CSE380/hardcode/final-project-team6/solver/src/solver.h
end_of_record
SF:/opt/ohpc/pub/compiler/gcc/9.4.0/include/c++/9.4.0/ext/new_allocator.h
DA:80,1
DA:83,961
DA:89,1115
DA:102,961
DA:104,961
DA:105,0
DA:114,961
DA:119,153
DA:128,153
DA:132,961
end_of_record
SF:/opt/ohpc/pub/compiler/gcc/9.4.0/include/c++/9.4.0/cmath
DA:415,25
DA:418,25
end_of_record
SF:/opt/ohpc/pub/compiler/gcc/9.4.0/include/c++/9.4.0/iostream
end_of_record
SF:/opt/ohpc/pub/compiler/gcc/9.4.0/include/c++/9.4.0/bits/stl_vector.h
FN:340,_ZNSt12_Vector_baseIdSaIdEE11_M_allocateEm
FNDA:961,_ZNSt12_Vector_baseIdSaIdEE11_M_allocateEm
FN:550,_ZNSt6vectorIdSaIdEEC2ERKS1_
FNDA:961,_ZNSt6vectorIdSaIdEEC2ERKS1_
DA:94,961
DA:95,961
DA:125,153
DA:133,961
DA:134,961
DA:273,1114
DA:274,1114
DA:277,961
DA:278,961
DA:300,961
DA:301,961
DA:302,961
DA:330,153
DA:332,281
DA:333,153
DA:334,153
DA:340,961
DA:343,961
DA:347,153
DA:350,25
DA:351,281
DA:356,961
DA:358,1922
DA:359,961
DA:360,961
DA:550,961
DA:552,961
DA:554,961
DA:555,1922
DA:557,961
DA:558,961
DA:675,153
DA:677,153
DA:678,153
DA:680,280
DA:817,961
DA:818,961
DA:835,961
DA:836,961
DA:915,961
DA:916,961
end_of_record
SF:/opt/ohpc/pub/compiler/gcc/9.4.0/include/c++/9.4.0/bits/stl_uninitialized.h
DA:99,961
DA:101,961
DA:115,961
DA:134,961
DA:140,961
DA:305,961
DA:307,961
end_of_record
SF:/work/08844/leebrian/ls6/CSE380/hardcode/final-project-team6/solver/src/main.cpp
FN:6,_Z9make_testv
FNDA:1,_Z9make_testv
FN:35,main
FNDA:1,main
DA:6,1
DA:7,4
DA:8,9
DA:9,6
DA:10,1
DA:12,5
DA:13,30
DA:14,25
DA:15,25
DA:17,50
DA:19,25
DA:20,50
DA:21,25
DA:23,25
DA:24,50
DA:26,25
DA:27,50
DA:28,50
DA:30,6
DA:33,1
DA:35,1
DA:36,1
DA:37,1
DA:38,2
DA:41,1
DA:42,1
DA:44,1
DA:46,1
DA:49,2
DA:52,1
DA:54,2
DA:55,1
DA:56,1
DA:57,1
end_of_record
SF:/opt/ohpc/pub/compiler/gcc/9.4.0/include/c++/9.4.0/bits/basic_string.h
DA:154,1
DA:182,0
DA:183,0
DA:186,0
DA:187,0
DA:190,1
DA:191,0
DA:204,1
DA:207,1
DA:214,0
DA:215,0
DA:218,0
DA:220,0
DA:221,0
DA:225,1
DA:226,1
DA:233,1
DA:235,1
DA:236,1
DA:240,0
DA:241,0
DA:290,0
DA:291,0
DA:350,0
DA:352,0
DA:353,0
DA:355,0
DA:400,0
DA:402,0
DA:661,1
DA:662,1
DA:6178,1
DA:6180,1
end_of_record
SF:/opt/ohpc/pub/compiler/gcc/9.4.0/include/c++/9.4.0/ext/alloc_traits.h
DA:97,961
DA:98,961
end_of_record
SF:/opt/ohpc/pub/compiler/gcc/9.4.0/include/c++/9.4.0/bits/stl_algobase.h
FN:438,_ZSt14__copy_move_a2ILb0EN9__gnu_cxx17__normal_iteratorIPKdSt6vectorIdSaIdEEEEPdET1_T0_SA_S9_
FNDA:961,_ZSt14__copy_move_a2ILb0EN9__gnu_cxx17__normal_iteratorIPKdSt6vectorIdSaIdEEEEPdET1_T0_SA_S9_
FN:465,_ZSt4copyIN9__gnu_cxx17__normal_iteratorIPKdSt6vectorIdSaIdEEEEPdET0_T_SA_S9_
FNDA:961,_ZSt4copyIN9__gnu_cxx17__normal_iteratorIPKdSt6vectorIdSaIdEEEEPdET0_T_SA_S9_
DA:280,961
DA:295,961
DA:375,961
DA:384,961
DA:385,961
DA:386,961
DA:387,961
DA:393,961
DA:398,961
DA:404,961
DA:438,961
DA:440,961
DA:443,961
DA:465,961
DA:474,961
end_of_record
SF:/opt/ohpc/pub/compiler/gcc/9.4.0/include/c++/9.4.0/bits/basic_string.tcc
FN:206,_ZNSt7__cxx1112basic_stringIcSt11char_traitsIcESaIcEE12_M_constructIPKcEEvT_S8_St20forward_iterator_tag
FNDA:0,_ZNSt7__cxx1112basic_stringIcSt11char_traitsIcESaIcEE12_M_constructIPKcEEvT_S8_St20forward_iterator_tag
DA:206,0
DA:211,0
DA:212,0
DA:215,0
DA:217,0
DA:219,0
DA:220,0
DA:225,0
DA:232,0
DA:233,0
end_of_record
SF:/opt/ohpc/pub/compiler/gcc/9.4.0/include/c++/9.4.0/bits/move.h
DA:47,1
DA:138,1
DA:139,1
end_of_record
TN:
SF:/opt/ohpc/pub/compiler/gcc/9.4.0/include/c++/9.4.0/bits/stl_vector.h
DA:1040,0
DA:1043,0
end_of_record
SF:/work/08844/leebrian/ls6/CSE380/hardcode/final-project-team6/solver/src/output.cpp
FN:3,_Z13populate_fileiiSt6vectorIdSaIdEES1_
FNDA:51,_Z13populate_fileiiSt6vectorIdSaIdEES1_
DA:3,51
DA:4,51
DA:5,51
DA:6,51
DA:7,51
DA:8,51
DA:9,51
DA:10,51
DA:11,51
DA:12,51
DA:18,51
DA:19,0
DA:20,0
DA:26,51
DA:32,51
DA:33,51
DA:34,51
DA:39,51
DA:40,51
DA:46,51
DA:52,51
DA:57,51
DA:58,51
DA:59,51
DA:60,51
DA:61,51
end_of_record
TN:
SF:/opt/ohpc/pub/compiler/gcc/9.4.0/include/c++/9.4.0/bits/basic_string.h
DA:154,3
DA:182,0
DA:183,0
DA:186,0
DA:187,0
DA:190,3
DA:191,0
DA:204,3
DA:207,3
DA:214,0
DA:215,0
DA:218,0
DA:220,0
DA:221,0
DA:225,3
DA:226,3
DA:233,3
DA:235,3
DA:236,3
DA:240,0
DA:241,0
DA:290,0
DA:291,0
DA:350,0
DA:352,0
DA:353,0
DA:355,0
DA:400,0
DA:402,0
DA:661,3
DA:662,3
end_of_record
SF:/opt/ohpc/pub/compiler/gcc/9.4.0/include/c++/9.4.0/bits/move.h
DA:47,3
DA:138,3
DA:139,3
end_of_record
SF:/opt/ohpc/pub/compiler/gcc/9.4.0/include/c++/9.4.0/bits/basic_string.tcc
FN:206,_ZNSt7__cxx1112basic_stringIcSt11char_traitsIcESaIcEE12_M_constructIPKcEEvT_S8_St20forward_iterator_tag
FNDA:0,_ZNSt7__cxx1112basic_stringIcSt11char_traitsIcESaIcEE12_M_constructIPKcEEvT_S8_St20forward_iterator_tag
DA:206,0
DA:211,0
DA:212,0
DA:215,0
DA:217,0
DA:219,0
DA:220,0
DA:225,0
DA:232,0
DA:233,0
end_of_record
SF:/opt/ohpc/pub/compiler/gcc/9.4.0/include/c++/9.4.0/ext/new_allocator.h
DA:80,3
DA:89,3
DA:119,0
DA:128,0
end_of_record
SF:/opt/ohpc/pub/compiler/gcc/9.4.0/include/c++/9.4.0/iostream
end_of_record
SF:/opt/ohpc/pub/compiler/gcc/9.4.0/include/c++/9.4.0/ext/type_traits.h
DA:152,0
end_of_record
SF:/opt/ohpc/pub/compiler/gcc/9.4.0/include/c++/9.4.0/bits/char_traits.h
DA:299,0
DA:300,0
DA:368,0
DA:370,0
DA:372,0
end_of_record
SF:/work/08844/leebrian/ls6/CSE380/hardcode/final-project-team6/solver/src/input_parse.cpp
FN:4,_Z5parseRiS_S_S_S_
FNDA:1,_Z5parseRiS_S_S_S_
DA:4,1
DA:5,1
DA:6,1
DA:8,1
DA:11,1
DA:12,0
DA:14,1
DA:15,1
DA:16,1
DA:17,1
DA:18,1
DA:19,1
DA:20,1
DA:21,1
DA:22,1
DA:23,1
DA:26,1
DA:27,1
DA:28,1
DA:30,1
DA:31,1
DA:32,1
DA:33,1
DA:34,1
end_of_record
SF:/opt/ohpc/pub/compiler/gcc/9.4.0/include/c++/9.4.0/bits/allocator.h
DA:137,3
DA:152,3
end_of_record
SF:/opt/ohpc/pub/compiler/gcc/9.4.0/include/c++/9.4.0/bits/stl_iterator_base_funcs.h
DA:98,0
DA:104,0
DA:138,0
DA:141,0
end_of_record
SF:/opt/ohpc/pub/compiler/gcc/9.4.0/include/c++/9.4.0/bits/alloc_traits.h
DA:468,0
DA:469,0
end_of_record
SF:/opt/ohpc/pub/compiler/gcc/9.4.0/include/c++/9.4.0/bits/ptr_traits.h
DA:146,3
DA:147,3
end_of_record
TN:
SF:/opt/ohpc/pub/compiler/gcc/9.4.0/include/c++/9.4.0/bits/char_traits.h
DA:336,51
DA:342,51
end_of_record
SF:/opt/ohpc/pub/compiler/gcc/9.4.0/include/c++/9.4.0/bits/alloc_traits.h
DA:442,830
DA:443,830
DA:468,728
DA:469,728
DA:481,78782
DA:483,78782
DA:504,1660
DA:505,1660
end_of_record
SF:/opt/ohpc/pub/compiler/gcc/9.4.0/include/c++/9.4.0/bits/allocator.h
DA:137,51
DA:152,0
end_of_record
SF:/opt/ohpc/pub/compiler/gcc/9.4.0/include/c++/9.4.0/bits/stl_iterator.h
DA:803,830
DA:804,830
DA:868,1558
DA:986,830
DA:989,830
end_of_record
SF:/opt/ohpc/pub/compiler/gcc/9.4.0/include/c++/9.4.0/ostream
DA:108,51
DA:113,51
DA:220,51
DA:221,51
DA:565,51
DA:568,51
DA:570,51
DA:571,51
end_of_record
SF:/opt/ohpc/pub/compiler/gcc/9.4.0/include/c++/9.4.0/bits/stl_construct.h
DA:117,0
DA:127,0
DA:137,0
DA:203,0
DA:206,0
end_of_record
SF:/work/08844/leebrian/ls6/CSE380/hardcode/final-project-team6/solver/src/unit_test.cpp
FN:3,_ZN4testC2Eiib
FNDA:51,_ZN4testC2Eiib
FN:32,_ZN4test7compareESt6vectorIdSaIdEE
FNDA:51,_ZN4test7compareESt6vectorIdSaIdEE
DA:3,51
DA:4,51
DA:5,51
DA:6,51
DA:7,51
DA:8,26
DA:11,51
DA:12,670
DA:13,645
DA:14,645
DA:16,645
DA:17,645
DA:20,772
DA:21,746
DA:22,746
DA:23,39492
DA:24,38746
DA:25,38746
DA:26,38746
DA:27,38746
DA:31,51
DA:32,51
DA:33,51
DA:34,51
DA:35,51
DA:36,39442
DA:37,39391
DA:38,39391
DA:39,39391
DA:40,39391
DA:43,51
DA:44,51
end_of_record
SF:/opt/ohpc/pub/compiler/gcc/9.4.0/include/c++/9.4.0/bits/vector.tcc
FN:109,_ZNSt6vectorIdSaIdEE12emplace_backIJdEEEvDpOT_
FNDA:78782,_ZNSt6vectorIdSaIdEE12emplace_backIJdEEEvDpOT_
FN:426,_ZNSt6vectorIdSaIdEE17_M_realloc_insertIJdEEEvN9__gnu_cxx17__normal_iteratorIPdS1_EEDpOT_
FNDA:830,_ZNSt6vectorIdSaIdEE17_M_realloc_insertIJdEEEvN9__gnu_cxx17__normal_iteratorIPdS1_EEDpOT_
DA:109,78782
DA:112,78782
DA:115,77952
DA:117,77952
DA:121,830
DA:125,78782
DA:426,830
DA:435,830
DA:437,830
DA:438,830
DA:439,830
DA:440,830
DA:441,830
DA:449,830
DA:450,830
DA:456,830
DA:461,830
DA:462,830
DA:464,830
DA:466,830
DA:467,830
DA:500,1660
DA:501,830
DA:502,830
DA:503,830
DA:504,830
DA:505,830
end_of_record
SF:/opt/ohpc/pub/compiler/gcc/9.4.0/include/c++/9.4.0/bits/locale_facets.h
FN:872,_ZNKSt5ctypeIcE5widenEc
FNDA:51,_ZNKSt5ctypeIcE5widenEc
DA:872,51
DA:874,51
DA:875,51
DA:876,0
DA:877,0
end_of_record
SF:/opt/ohpc/pub/compiler/gcc/9.4.0/include/c++/9.4.0/new
DA:173,78782
DA:174,78782
end_of_record
SF:/opt/ohpc/pub/compiler/gcc/9.4.0/include/c++/9.4.0/bits/stl_algobase.h
DA:198,1660
DA:222,830
DA:227,830
DA:228,102
DA:280,1558
end_of_record
SF:/opt/ohpc/pub/compiler/gcc/9.4.0/include/c++/9.4.0/bits/move.h
DA:74,79612
DA:99,39391
end_of_record
SF:/opt/ohpc/pub/compiler/gcc/9.4.0/include/c++/9.4.0/ext/new_allocator.h
DA:80,51
DA:89,0
DA:102,830
DA:104,830
DA:105,0
DA:114,830
DA:119,728
DA:128,728
DA:132,2490
DA:144,78782
DA:146,78782
end_of_record
SF:/opt/ohpc/pub/compiler/gcc/9.4.0/include/c++/9.4.0/iostream
end_of_record
SF:/opt/ohpc/pub/compiler/gcc/9.4.0/include/c++/9.4.0/bits/stl_vector.h
FN:340,_ZNSt12_Vector_baseIdSaIdEE11_M_allocateEm
FNDA:830,_ZNSt12_Vector_baseIdSaIdEE11_M_allocateEm
FN:1753,_ZNKSt6vectorIdSaIdEE12_M_check_lenEmPKc
FNDA:830,_ZNKSt6vectorIdSaIdEE12_M_check_lenEmPKc
DA:94,51
DA:95,51
DA:125,0
DA:128,51
DA:130,51
DA:273,830
DA:274,830
DA:277,1660
DA:278,1660
DA:285,51
DA:330,0
DA:332,0
DA:333,0
DA:334,0
DA:340,830
DA:343,830
DA:347,830
DA:350,830
DA:351,728
DA:450,1660
DA:453,1660
DA:462,1558
DA:466,830
DA:484,51
DA:675,0
DA:677,0
DA:678,0
DA:680,0
DA:808,830
DA:809,830
DA:826,830
DA:827,830
DA:915,41983
DA:916,39493
DA:920,1660
DA:921,2490
DA:1040,0
DA:1043,39391
DA:1200,39391
DA:1201,39391
DA:1753,830
DA:1755,830
DA:1756,0
DA:1758,830
DA:1759,830
DA:1773,1660
DA:1778,1660
DA:1780,1660
DA:1781,1660
end_of_record
SF:/opt/ohpc/pub/compiler/gcc/9.4.0/include/c++/9.4.0/bits/stl_uninitialized.h
DA:924,1660
DA:927,1660
DA:928,830
DA:929,728
DA:930,830
DA:958,1558
DA:964,1558
end_of_record
